0 info it worked if it ends with ok
1 verbose cli [ '/usr/local/Cellar/node/0.10.25/bin/node',
1 verbose cli   '/usr/local/bin/npm',
1 verbose cli   'install' ]
2 info using npm@1.3.24
3 info using node@v0.10.25
4 verbose readDependencies using package.json deps
5 verbose install where, deps [ '/Users/edeustace/dev/github/edeustace/summernote',
5 verbose install   [ 'open',
5 verbose install     'load-grunt-tasks',
5 verbose install     'requirejs',
5 verbose install     'requirejs-domready',
5 verbose install     'grunt',
5 verbose install     'grunt-contrib-jshint',
5 verbose install     'grunt-contrib-qunit',
5 verbose install     'grunt-contrib-uglify',
5 verbose install     'grunt-recess',
5 verbose install     'grunt-contrib-watch',
5 verbose install     'grunt-contrib-connect',
5 verbose install     'connect-livereload' ] ]
6 info preinstall Summernote@0.5.1
7 verbose readDependencies using package.json deps
8 verbose already installed skipping requirejs@~2.1.9 /Users/edeustace/dev/github/edeustace/summernote
9 verbose already installed skipping open@0.0.4 /Users/edeustace/dev/github/edeustace/summernote
10 verbose already installed skipping load-grunt-tasks@0.2.0 /Users/edeustace/dev/github/edeustace/summernote
11 verbose cache add [ 'requirejs-domready@latest', null ]
12 verbose cache add name=undefined spec="requirejs-domready@latest" args=["requirejs-domready@latest",null]
13 verbose parsed url { protocol: null,
13 verbose parsed url   slashes: null,
13 verbose parsed url   auth: null,
13 verbose parsed url   host: null,
13 verbose parsed url   port: null,
13 verbose parsed url   hostname: null,
13 verbose parsed url   hash: null,
13 verbose parsed url   search: null,
13 verbose parsed url   query: null,
13 verbose parsed url   pathname: 'requirejs-domready@latest',
13 verbose parsed url   path: 'requirejs-domready@latest',
13 verbose parsed url   href: 'requirejs-domready@latest' }
14 verbose cache add name="requirejs-domready" spec="latest" args=["requirejs-domready","latest"]
15 verbose parsed url { protocol: null,
15 verbose parsed url   slashes: null,
15 verbose parsed url   auth: null,
15 verbose parsed url   host: null,
15 verbose parsed url   port: null,
15 verbose parsed url   hostname: null,
15 verbose parsed url   hash: null,
15 verbose parsed url   search: null,
15 verbose parsed url   query: null,
15 verbose parsed url   pathname: 'latest',
15 verbose parsed url   path: 'latest',
15 verbose parsed url   href: 'latest' }
16 verbose addNamed [ 'requirejs-domready', 'latest' ]
17 verbose addNamed [ null, null ]
18 verbose already installed skipping grunt-contrib-jshint@0.7.2 /Users/edeustace/dev/github/edeustace/summernote
19 verbose already installed skipping grunt@* /Users/edeustace/dev/github/edeustace/summernote
20 silly lockFile aa413c63-requirejs-domready-latest requirejs-domready@latest
21 verbose lock requirejs-domready@latest /Users/edeustace/.npm/aa413c63-requirejs-domready-latest.lock
22 verbose already installed skipping grunt-contrib-uglify@~0.2.2 /Users/edeustace/dev/github/edeustace/summernote
23 verbose already installed skipping grunt-contrib-qunit@* /Users/edeustace/dev/github/edeustace/summernote
24 info addNameTag [ 'requirejs-domready', 'latest' ]
25 verbose already installed skipping grunt-recess@* /Users/edeustace/dev/github/edeustace/summernote
26 verbose url raw requirejs-domready
27 verbose url resolving [ 'https://registry.npmjs.org/', './requirejs-domready' ]
28 verbose url resolved https://registry.npmjs.org/requirejs-domready
29 info trying registry request attempt 1 at 14:02:15
30 http GET https://registry.npmjs.org/requirejs-domready
31 verbose already installed skipping grunt-contrib-watch@* /Users/edeustace/dev/github/edeustace/summernote
32 verbose already installed skipping grunt-contrib-connect@* /Users/edeustace/dev/github/edeustace/summernote
33 verbose already installed skipping connect-livereload@* /Users/edeustace/dev/github/edeustace/summernote
34 http 404 https://registry.npmjs.org/requirejs-domready
35 silly registry.get cb [ 404,
35 silly registry.get   { date: 'Tue, 04 Mar 2014 14:02:15 GMT',
35 silly registry.get     server: 'CouchDB/1.5.0 (Erlang OTP/R16B)',
35 silly registry.get     'content-type': 'application/json',
35 silly registry.get     via: '1.1 varnish',
35 silly registry.get     'cache-control': 'max-age=0',
35 silly registry.get     'content-length': '52',
35 silly registry.get     'accept-ranges': 'bytes',
35 silly registry.get     age: '0',
35 silly registry.get     'x-served-by': 'cache-v42-ASH, cache-lcy1131-LCY',
35 silly registry.get     'x-cache': 'MISS, MISS',
35 silly registry.get     'x-cache-hits': '0, 0',
35 silly registry.get     'x-timer': 'S1393941735.711588860,VS0,VS-296,VE-199,VE174',
35 silly registry.get     'keep-alive': 'timeout=10, max=50',
35 silly registry.get     connection: 'Keep-Alive' } ]
36 silly lockFile aa413c63-requirejs-domready-latest requirejs-domready@latest
37 silly lockFile aa413c63-requirejs-domready-latest requirejs-domready@latest
38 error 404 'requirejs-domready' is not in the npm registry.
38 error 404 You should bug the author to publish it
38 error 404 It was specified as a dependency of 'Summernote'
38 error 404
38 error 404 Note that you can also install from a
38 error 404 tarball, folder, or http url, or git url.
39 error System Darwin 13.0.0
40 error command "/usr/local/Cellar/node/0.10.25/bin/node" "/usr/local/bin/npm" "install"
41 error cwd /Users/edeustace/dev/github/edeustace/summernote
42 error node -v v0.10.25
43 error npm -v 1.3.24
44 error code E404
45 verbose exit [ 1, true ]
